0 info it worked if it ends with ok
1 verbose cli [ '/usr/local/bin/node', '/usr/local/bin/npm', 'start' ]
2 info using npm@3.10.5
3 info using node@v4.4.5
4 verbose run-script [ 'prestart', 'start', 'poststart' ]
5 info lifecycle aura-kasih-bot@1.0.0~prestart: aura-kasih-bot@1.0.0
6 silly lifecycle aura-kasih-bot@1.0.0~prestart: no script for prestart, continuing
7 info lifecycle aura-kasih-bot@1.0.0~start: aura-kasih-bot@1.0.0
8 verbose lifecycle aura-kasih-bot@1.0.0~start: unsafe-perm in lifecycle true
9 verbose lifecycle aura-kasih-bot@1.0.0~start: PATH: /usr/local/lib/node_modules/npm/bin/node-gyp-bin:/Users/Jeffrytandiono/Documents/Code/AuraKasihBot/node_modules/.bin:/usr/local/bin:/Users/Jeffrytandiono/.rbenv/shims:/usr/local/bin:/usr/bin:/bin:/usr/sbin:/sbin:/Users/Jeffrytandiono/Documents/phabricator/activator-dist-1.3.10/bin
10 verbose lifecycle aura-kasih-bot@1.0.0~start: CWD: /Users/Jeffrytandiono/Documents/Code/AuraKasihBot
11 silly lifecycle aura-kasih-bot@1.0.0~start: Args: [ '-c',
11 silly lifecycle   'export NTBA_FIX_319=true || set NTBA_FIX_319=true && node index.js' ]
12 silly lifecycle aura-kasih-bot@1.0.0~start: Returned: code: 1  signal: null
13 info lifecycle aura-kasih-bot@1.0.0~start: Failed to exec start script
14 verbose stack Error: aura-kasih-bot@1.0.0 start: `export NTBA_FIX_319=true || set NTBA_FIX_319=true && node index.js`
14 verbose stack Exit status 1
14 verbose stack     at EventEmitter.<anonymous> (/usr/local/lib/node_modules/npm/lib/utils/lifecycle.js:242:16)
14 verbose stack     at emitTwo (events.js:87:13)
14 verbose stack     at EventEmitter.emit (events.js:172:7)
14 verbose stack     at ChildProcess.<anonymous> (/usr/local/lib/node_modules/npm/lib/utils/spawn.js:40:14)
14 verbose stack     at emitTwo (events.js:87:13)
14 verbose stack     at ChildProcess.emit (events.js:172:7)
14 verbose stack     at maybeClose (internal/child_process.js:827:16)
14 verbose stack     at Process.ChildProcess._handle.onexit (internal/child_process.js:211:5)
15 verbose pkgid aura-kasih-bot@1.0.0
16 verbose cwd /Users/Jeffrytandiono/Documents/Code/AuraKasihBot
17 error Darwin 16.6.0
18 error argv "/usr/local/bin/node" "/usr/local/bin/npm" "start"
19 error node v4.4.5
20 error npm  v3.10.5
21 error code ELIFECYCLE
22 error aura-kasih-bot@1.0.0 start: `export NTBA_FIX_319=true || set NTBA_FIX_319=true && node index.js`
22 error Exit status 1
23 error Failed at the aura-kasih-bot@1.0.0 start script 'export NTBA_FIX_319=true || set NTBA_FIX_319=true && node index.js'.
23 error Make sure you have the latest version of node.js and npm installed.
23 error If you do, this is most likely a problem with the aura-kasih-bot package,
23 error not with npm itself.
23 error Tell the author that this fails on your system:
23 error     export NTBA_FIX_319=true || set NTBA_FIX_319=true && node index.js
23 error You can get information on how to open an issue for this project with:
23 error     npm bugs aura-kasih-bot
23 error Or if that isn't available, you can get their info via:
23 error     npm owner ls aura-kasih-bot
23 error There is likely additional logging output above.
24 verbose exit [ 1, true ]
